ReactNativeVideoChat/android/app/build/intermediates/manifest_merge_blame_file/amazonDebug/processAmazonDebugMainManifest/manifest-merger-blame-amazon-debug-report.txt
1<?xml version="1.0" encoding="utf-8"?>
2<manifest xmlns:android="http://schemas.android.com/apk/res/android"
3    package="io.instamobile"
4    android:versionCode="1"
5    android:versionName="1.0" >
6
7    <uses-sdk
8        android:minSdkVersion="24"
9        android:targetSdkVersion="36" />
10
11    <uses-permission android:name="android.permission.INTERNET" />
11-->src\main\AndroidManifest.xml:5:5-67
11-->src\main\AndroidManifest.xml:5:22-64
12    <uses-permission android:name="android.permission.ACCESS_FINE_LOCATION" />
12-->src\main\AndroidManifest.xml:6:5-79
12-->src\main\AndroidManifest.xml:6:22-76
13    <uses-permission android:name="android.permission.ACCESS_COARSE_LOCATION" />
13-->src\main\AndroidManifest.xml:7:5-81
13-->src\main\AndroidManifest.xml:7:22-78
14    <uses-permission android:name="android.permission.CAMERA" />
14-->src\main\AndroidManifest.xml:8:5-64
14-->src\main\AndroidManifest.xml:8:22-62
15    <uses-permission
15-->src\main\AndroidManifest.xml:9:5-80
16        android:name="android.permission.READ_EXTERNAL_STORAGE"
16-->src\main\AndroidManifest.xml:9:22-77
17        android:maxSdkVersion="32" />
17-->[:expo-image] AndroidManifest.xml:17:9-35
18    <uses-permission android:name="android.permission.WRITE_EXTERNAL_STORAGE" />
18-->src\main\AndroidManifest.xml:10:5-81
18-->src\main\AndroidManifest.xml:10:22-78
19
20    <uses-feature android:name="android.hardware.camera" />
20-->src\main\AndroidManifest.xml:11:5-60
20-->src\main\AndroidManifest.xml:11:19-57
21    <uses-feature android:name="android.hardware.camera.autofocus" />
21-->src\main\AndroidManifest.xml:12:5-69
21-->src\main\AndroidManifest.xml:12:19-67
22    <uses-feature
22-->src\main\AndroidManifest.xml:13:5-91
23        android:name="android.hardware.camera.front"
23-->src\main\AndroidManifest.xml:13:19-63
24        android:required="false" />
24-->src\main\AndroidManifest.xml:13:64-88
25
26    <uses-permission android:name="android.permission.ACCESS_NETWORK_STATE" />
26-->src\main\AndroidManifest.xml:15:5-78
26-->src\main\AndroidManifest.xml:15:22-76
27    <uses-permission android:name="android.permission.MODIFY_AUDIO_SETTINGS" />
27-->src\main\AndroidManifest.xml:16:5-80
27-->src\main\AndroidManifest.xml:16:22-77
28    <uses-permission android:name="android.permission.RECORD_AUDIO" />
28-->src\main\AndroidManifest.xml:17:5-71
28-->src\main\AndroidManifest.xml:17:22-68
29    <uses-permission android:name="android.permission.WAKE_LOCK" />
29-->src\main\AndroidManifest.xml:18:5-68
29-->src\main\AndroidManifest.xml:18:22-65
30
31    <queries>
31-->[:react-native-webview] AndroidManifest.xml:7:5-17:15
32        <intent>
32-->[:react-native-webview] AndroidManifest.xml:8:9-10:18
33            <action android:name="org.chromium.intent.action.PAY" />
33-->[:react-native-webview] AndroidManifest.xml:9:13-69
33-->[:react-native-webview] AndroidManifest.xml:9:21-66
34        </intent>
35        <intent>
35-->[:react-native-webview] AndroidManifest.xml:11:9-13:18
36            <action android:name="org.chromium.intent.action.IS_READY_TO_PAY" />
36-->[:react-native-webview] AndroidManifest.xml:12:13-81
36-->[:react-native-webview] AndroidManifest.xml:12:21-78
37        </intent>
38        <intent>
38-->[:react-native-webview] AndroidManifest.xml:14:9-16:18
39            <action android:name="org.chromium.intent.action.UPDATE_PAYMENT_DETAILS" />
39-->[:react-native-webview] AndroidManifest.xml:15:13-88
39-->[:react-native-webview] AndroidManifest.xml:15:21-85
40        </intent>
41        <intent>
41-->[:expo-web-browser] AndroidManifest.xml:8:9-12:18
42
43            <!-- Required for opening tabs if targeting API 30 -->
44            <action android:name="android.support.customtabs.action.CustomTabsService" />
44-->[:expo-web-browser] AndroidManifest.xml:11:13-90
44-->[:expo-web-browser] AndroidManifest.xml:11:21-87
45        </intent> <!-- Query open documents -->
46        <intent>
46-->[:expo-file-system] AndroidManifest.xml:15:9-17:18
47            <action android:name="android.intent.action.OPEN_DOCUMENT_TREE" />
47-->[:expo-file-system] AndroidManifest.xml:16:13-79
47-->[:expo-file-system] AndroidManifest.xml:16:21-76
48        </intent>
49
50        <package android:name="com.facebook.katana" />
50-->[com.facebook.android:facebook-common:18.2.3] AndroidManifest.xml:16:9-55
50-->[com.facebook.android:facebook-common:18.2.3] AndroidManifest.xml:16:18-52
51
52        <intent>
52-->[androidx.camera:camera-extensions:1.5.0-rc01] AndroidManifest.xml:23:9-25:18
53            <action android:name="androidx.camera.extensions.action.VENDOR_ACTION" />
53-->[androidx.camera:camera-extensions:1.5.0-rc01] AndroidManifest.xml:24:13-86
53-->[androidx.camera:camera-extensions:1.5.0-rc01] AndroidManifest.xml:24:21-83
54        </intent> <!-- Query open documents -->
55        <intent>
55-->[:expo-document-picker] AndroidManifest.xml:10:9-17:18
56            <action android:name="android.intent.action.OPEN_DOCUMENT" />
56-->[:expo-document-picker] AndroidManifest.xml:11:13-74
56-->[:expo-document-picker] AndroidManifest.xml:11:21-71
57
58            <category android:name="android.intent.category.DEFAULT" />
58-->src\main\AndroidManifest.xml:65:13-72
58-->src\main\AndroidManifest.xml:65:23-69
59            <category android:name="android.intent.category.OPENABLE" />
59-->[:expo-document-picker] AndroidManifest.xml:14:13-73
59-->[:expo-document-picker] AndroidManifest.xml:14:23-70
60
61            <data android:mimeType="*/*" />
61-->src\main\AndroidManifest.xml:67:13-71
62        </intent>
63    </queries>
64
65    <uses-permission android:name="android.permission.ACCESS_WIFI_STATE" />
65-->[:react-native-community_netinfo] AndroidManifest.xml:8:5-76
65-->[:react-native-community_netinfo] AndroidManifest.xml:8:22-73
66    <uses-permission android:name="android.permission.CALL_PHONE" />
66-->[:react-native-callkeep] AndroidManifest.xml:7:5-69
66-->[:react-native-callkeep] AndroidManifest.xml:7:22-66
67    <uses-permission
67-->[:react-native-callkeep] AndroidManifest.xml:8:5-10:38
68        android:name="android.permission.READ_PHONE_STATE"
68-->[:react-native-callkeep] AndroidManifest.xml:9:9-59
69        android:maxSdkVersion="29" />
69-->[:react-native-callkeep] AndroidManifest.xml:10:9-35
70    <uses-permission android:name="android.permission.READ_PHONE_NUMBERS" />
70-->[:react-native-callkeep] AndroidManifest.xml:11:5-77
70-->[:react-native-callkeep] AndroidManifest.xml:11:22-74
71    <uses-permission android:name="android.permission.MANAGE_OWN_CALLS" />
71-->[:react-native-callkeep] AndroidManifest.xml:12:5-75
71-->[:react-native-callkeep] AndroidManifest.xml:12:22-72
72
73    <uses-feature
73-->[:react-native-twilio-video-webrtc] AndroidManifest.xml:9:5-11:35
74        android:glEsVersion="0x00020000"
74-->[:react-native-twilio-video-webrtc] AndroidManifest.xml:10:9-41
75        android:required="true" />
75-->[:react-native-twilio-video-webrtc] AndroidManifest.xml:11:9-32
76
77    <uses-permission android:name="android.permission.BLUETOOTH_ADMIN" />
77-->[:react-native-twilio-video-webrtc] AndroidManifest.xml:19:5-74
77-->[:react-native-twilio-video-webrtc] AndroidManifest.xml:19:22-71
78    <uses-permission android:name="android.permission.BLUETOOTH" />
78-->[:react-native-twilio-video-webrtc] AndroidManifest.xml:20:5-68
78-->[:react-native-twilio-video-webrtc] AndroidManifest.xml:20:22-65
79    <!--
80    This manifest file is used only by Gradle to configure debug-only capabilities
81    for React Native Apps.
82    -->
83    <uses-permission android:name="android.permission.SYSTEM_ALERT_WINDOW" />
83-->[com.facebook.react:react-android:0.81.1] AndroidManifest.xml:16:5-78
83-->[com.facebook.react:react-android:0.81.1] AndroidManifest.xml:16:22-75
84    <uses-permission android:name="android.permission.RECEIVE_BOOT_COMPLETED" />
84-->[:expo-notifications] AndroidManifest.xml:7:5-81
84-->[:expo-notifications] AndroidManifest.xml:7:22-78
85    <uses-permission android:name="android.permission.POST_NOTIFICATIONS" /> <!-- Required by older versions of Google Play services to create IID tokens -->
85-->[:expo-notifications] AndroidManifest.xml:8:5-77
85-->[:expo-notifications] AndroidManifest.xml:8:22-74
86    <uses-permission android:name="com.google.android.c2dm.permission.RECEIVE" />
86-->[com.google.firebase:firebase-messaging:25.0.1] AndroidManifest.xml:26:5-82
86-->[com.google.firebase:firebase-messaging:25.0.1] AndroidManifest.xml:26:22-79
87    <uses-permission android:name="com.google.android.providers.gsf.permission.READ_GSERVICES" /> <!-- Include required permissions for Advertising Id -->
87-->[com.google.android.recaptcha:recaptcha:18.6.1] AndroidManifest.xml:9:5-98
87-->[com.google.android.recaptcha:recaptcha:18.6.1] AndroidManifest.xml:9:22-95
88    <uses-permission android:name="com.google.android.gms.permission.AD_ID" /> <!-- Support for Google Privacy Sandbox adservices API -->
88-->[com.google.android.gms:play-services-ads-identifier:18.0.1] AndroidManifest.xml:23:5-79
88-->[com.google.android.gms:play-services-ads-identifier:18.0.1] AndroidManifest.xml:23:22-76
89    <uses-permission android:name="android.permission.ACCESS_ADSERVICES_ATTRIBUTION" />
89-->[com.facebook.android:facebook-core:18.2.3] AndroidManifest.xml:16:5-88
89-->[com.facebook.android:facebook-core:18.2.3] AndroidManifest.xml:16:22-85
90    <uses-permission android:name="android.permission.ACCESS_ADSERVICES_AD_ID" />
90-->[com.facebook.android:facebook-core:18.2.3] AndroidManifest.xml:17:5-82
90-->[com.facebook.android:facebook-core:18.2.3] AndroidManifest.xml:17:22-79
91    <uses-permission android:name="android.permission.ACCESS_ADSERVICES_CUSTOM_AUDIENCE" />
91-->[com.facebook.android:facebook-core:18.2.3] AndroidManifest.xml:18:5-92
91-->[com.facebook.android:facebook-core:18.2.3] AndroidManifest.xml:18:22-89
92    <uses-permission android:name="android.permission.ACCESS_ADSERVICES_TOPICS" />
92-->[com.facebook.android:facebook-core:18.2.3] AndroidManifest.xml:19:5-83
92-->[com.facebook.android:facebook-core:18.2.3] AndroidManifest.xml:19:22-80
93
94    <permission
94-->[androidx.core:core:1.9.0] AndroidManifest.xml:22:5-24:47
95        android:name="io.instamobile.DYNAMIC_RECEIVER_NOT_EXPORTED_PERMISSION"
95-->[androidx.core:core:1.9.0] AndroidManifest.xml:23:9-81
96        android:protectionLevel="signature" />
96-->[androidx.core:core:1.9.0] AndroidManifest.xml:24:9-44
97
98    <uses-permission android:name="io.instamobile.DYNAMIC_RECEIVER_NOT_EXPORTED_PERMISSION" />
98-->[androidx.core:core:1.9.0] AndroidManifest.xml:26:5-97
98-->[androidx.core:core:1.9.0] AndroidManifest.xml:26:22-94
99    <uses-permission android:name="com.google.android.finsky.permission.BIND_GET_INSTALL_REFERRER_SERVICE" /> <!-- for android -->
99-->[com.android.installreferrer:installreferrer:2.2] AndroidManifest.xml:9:5-110
99-->[com.android.installreferrer:installreferrer:2.2] AndroidManifest.xml:9:22-107
100    <!-- <uses-permission android:name="com.android.launcher.permission.READ_SETTINGS"/> -->
101    <!-- <uses-permission android:name="com.android.launcher.permission.WRITE_SETTINGS"/> -->
102    <!-- <uses-permission android:name="com.android.launcher.permission.INSTALL_SHORTCUT" /> -->
103    <!-- <uses-permission android:name="com.android.launcher.permission.UNINSTALL_SHORTCUT" /> -->
104    <!-- for Samsung -->
105    <uses-permission android:name="com.sec.android.provider.badge.permission.READ" />
105-->[me.leolin:ShortcutBadger:1.1.22] AndroidManifest.xml:19:5-86
105-->[me.leolin:ShortcutBadger:1.1.22] AndroidManifest.xml:19:22-83
106    <uses-permission android:name="com.sec.android.provider.badge.permission.WRITE" /> <!-- for htc -->
106-->[me.leolin:ShortcutBadger:1.1.22] AndroidManifest.xml:20:5-87
106-->[me.leolin:ShortcutBadger:1.1.22] AndroidManifest.xml:20:22-84
107    <uses-permission android:name="com.htc.launcher.permission.READ_SETTINGS" />
107-->[me.leolin:ShortcutBadger:1.1.22] AndroidManifest.xml:23:5-81
107-->[me.leolin:ShortcutBadger:1.1.22] AndroidManifest.xml:23:22-78
108    <uses-permission android:name="com.htc.launcher.permission.UPDATE_SHORTCUT" /> <!-- for sony -->
108-->[me.leolin:ShortcutBadger:1.1.22] AndroidManifest.xml:24:5-83
108-->[me.leolin:ShortcutBadger:1.1.22] AndroidManifest.xml:24:22-80
109    <uses-permission android:name="com.sonyericsson.home.permission.BROADCAST_BADGE" />
109-->[me.leolin:ShortcutBadger:1.1.22] AndroidManifest.xml:27:5-88
109-->[me.leolin:ShortcutBadger:1.1.22] AndroidManifest.xml:27:22-85
110    <uses-permission android:name="com.sonymobile.home.permission.PROVIDER_INSERT_BADGE" /> <!-- for apex -->
110-->[me.leolin:ShortcutBadger:1.1.22] AndroidManifest.xml:28:5-92
110-->[me.leolin:ShortcutBadger:1.1.22] AndroidManifest.xml:28:22-89
111    <uses-permission android:name="com.anddoes.launcher.permission.UPDATE_COUNT" /> <!-- for solid -->
111-->[me.leolin:ShortcutBadger:1.1.22] AndroidManifest.xml:31:5-84
111-->[me.leolin:ShortcutBadger:1.1.22] AndroidManifest.xml:31:22-81
112    <uses-permission android:name="com.majeur.launcher.permission.UPDATE_BADGE" /> <!-- for huawei -->
112-->[me.leolin:ShortcutBadger:1.1.22] AndroidManifest.xml:34:5-83
112-->[me.leolin:ShortcutBadger:1.1.22] AndroidManifest.xml:34:22-80
113    <uses-permission android:name="com.huawei.android.launcher.permission.CHANGE_BADGE" />
113-->[me.leolin:ShortcutBadger:1.1.22] AndroidManifest.xml:37:5-91
113-->[me.leolin:ShortcutBadger:1.1.22] AndroidManifest.xml:37:22-88
114    <uses-permission android:name="com.huawei.android.launcher.permission.READ_SETTINGS" />
114-->[me.leolin:ShortcutBadger:1.1.22] AndroidManifest.xml:38:5-92
114-->[me.leolin:ShortcutBadger:1.1.22] AndroidManifest.xml:38:22-89
115    <uses-permission android:name="com.huawei.android.launcher.permission.WRITE_SETTINGS" /> <!-- for ZUK -->
115-->[me.leolin:ShortcutBadger:1.1.22] AndroidManifest.xml:39:5-93
115-->[me.leolin:ShortcutBadger:1.1.22] AndroidManifest.xml:39:22-90
116    <uses-permission android:name="android.permission.READ_APP_BADGE" /> <!-- for OPPO -->
116-->[me.leolin:ShortcutBadger:1.1.22] AndroidManifest.xml:42:5-73
116-->[me.leolin:ShortcutBadger:1.1.22] AndroidManifest.xml:42:22-70
117    <uses-permission android:name="com.oppo.launcher.permission.READ_SETTINGS" />
117-->[me.leolin:ShortcutBadger:1.1.22] AndroidManifest.xml:45:5-82
117-->[me.leolin:ShortcutBadger:1.1.22] AndroidManifest.xml:45:22-79
118    <uses-permission android:name="com.oppo.launcher.permission.WRITE_SETTINGS" /> <!-- for EvMe -->
118-->[me.leolin:ShortcutBadger:1.1.22] AndroidManifest.xml:46:5-83
118-->[me.leolin:ShortcutBadger:1.1.22] AndroidManifest.xml:46:22-80
119    <uses-permission android:name="me.everything.badger.permission.BADGE_COUNT_READ" />
119-->[me.leolin:ShortcutBadger:1.1.22] AndroidManifest.xml:49:5-88
119-->[me.leolin:ShortcutBadger:1.1.22] AndroidManifest.xml:49:22-85
120    <uses-permission android:name="me.everything.badger.permission.BADGE_COUNT_WRITE" />
120-->[me.leolin:ShortcutBadger:1.1.22] AndroidManifest.xml:50:5-89
120-->[me.leolin:ShortcutBadger:1.1.22] AndroidManifest.xml:50:22-86
121
122    <application
122-->src\main\AndroidManifest.xml:21:5-76:19
123        android:name="io.instamobile.MainApplication"
123-->src\main\AndroidManifest.xml:22:7-38
124        android:allowBackup="false"
124-->src\main\AndroidManifest.xml:26:7-34
125        android:appComponentFactory="androidx.core.app.CoreComponentFactory"
125-->[androidx.core:core:1.9.0] AndroidManifest.xml:28:18-86
126        android:debuggable="true"
127        android:extractNativeLibs="false"
128        android:icon="@mipmap/ic_launcher"
128-->src\main\AndroidManifest.xml:24:7-41
129        android:label="@string/app_name"
129-->src\main\AndroidManifest.xml:23:7-39
130        android:roundIcon="@mipmap/ic_launcher_round"
130-->src\main\AndroidManifest.xml:25:7-52
131        android:supportsRtl="true"
131-->[com.facebook.android:facebook-android-sdk:18.2.3] AndroidManifest.xml:14:18-44
132        android:theme="@style/AppTheme"
132-->src\main\AndroidManifest.xml:27:7-38
133        android:usesCleartextTraffic="true" >
133-->src\debug\AndroidManifest.xml:6:9-44
134        <meta-data
134-->src\main\AndroidManifest.xml:30:7-32:66
135            android:name="com.google.android.geo.API_KEY"
135-->src\main\AndroidManifest.xml:31:9-54
136            android:value="AIzaSyBI8oXdc-lbtvRxuVstY6eXG5G9FNCT4fU" />
136-->src\main\AndroidManifest.xml:32:9-64
137        <meta-data
137-->src\main\AndroidManifest.xml:34:7-105
138            android:name="com.facebook.sdk.ApplicationId"
138-->src\main\AndroidManifest.xml:34:18-63
139            android:value="@string/facebook_app_id" />
139-->src\main\AndroidManifest.xml:34:64-103
140        <meta-data
140-->src\main\AndroidManifest.xml:35:5-107
141            android:name="com.facebook.sdk.ClientToken"
141-->src\main\AndroidManifest.xml:35:16-59
142            android:value="@string/facebook_client_token" />
142-->src\main\AndroidManifest.xml:35:60-105
143
144        <activity
144-->src\main\AndroidManifest.xml:36:7-45:18
145            android:name="io.instamobile.SplashActivity"
145-->src\main\AndroidManifest.xml:37:9-39
146            android:exported="true"
146-->src\main\AndroidManifest.xml:40:9-32
147            android:label="@string/app_name"
147-->src\main\AndroidManifest.xml:39:9-41
148            android:theme="@style/SplashTheme" >
148-->src\main\AndroidManifest.xml:38:9-43
149            <intent-filter>
149-->src\main\AndroidManifest.xml:41:9-44:25
150                <action android:name="android.intent.action.MAIN" />
150-->src\main\AndroidManifest.xml:42:13-65
150-->src\main\AndroidManifest.xml:42:21-62
151
152                <category android:name="android.intent.category.LAUNCHER" />
152-->src\main\AndroidManifest.xml:43:13-73
152-->src\main\AndroidManifest.xml:43:23-70
153            </intent-filter>
154        </activity>
155        <activity
155-->src\main\AndroidManifest.xml:46:7-54:18
156            android:name="io.instamobile.MainActivity"
156-->src\main\AndroidManifest.xml:47:9-37
157            android:configChanges="keyboard|keyboardHidden|orientation|screenSize|smallestScreenSize|uiMode"
157-->src\main\AndroidManifest.xml:49:9-105
158            android:exported="true"
158-->src\main\AndroidManifest.xml:53:9-32
159            android:label="@string/app_name"
159-->src\main\AndroidManifest.xml:48:9-41
160            android:launchMode="singleTask"
160-->src\main\AndroidManifest.xml:50:9-40
161            android:screenOrientation="portrait"
161-->src\main\AndroidManifest.xml:51:9-45
162            android:windowSoftInputMode="adjustPan" >
162-->src\main\AndroidManifest.xml:52:9-48
163        </activity>
164        <activity
164-->src\main\AndroidManifest.xml:56:5-59:44
165            android:name="com.facebook.FacebookActivity"
165-->src\main\AndroidManifest.xml:56:15-59
166            android:configChanges="keyboard|keyboardHidden|screenLayout|screenSize|orientation"
166-->src\main\AndroidManifest.xml:57:9-109
167            android:label="@string/app_name"
167-->src\main\AndroidManifest.xml:59:9-41
168            android:theme="@style/com_facebook_activity_theme" />
168-->[com.facebook.android:facebook-common:18.2.3] AndroidManifest.xml:23:13-63
169        <activity
169-->src\main\AndroidManifest.xml:60:5-69:16
170            android:name="com.facebook.CustomTabActivity"
170-->src\main\AndroidManifest.xml:61:9-54
171            android:exported="true" >
171-->src\main\AndroidManifest.xml:62:9-32
172            <intent-filter>
172-->src\main\AndroidManifest.xml:63:9-68:25
173                <action android:name="android.intent.action.VIEW" />
173-->src\main\AndroidManifest.xml:64:13-65
173-->src\main\AndroidManifest.xml:64:21-62
174
175                <category android:name="android.intent.category.DEFAULT" />
175-->src\main\AndroidManifest.xml:65:13-72
175-->src\main\AndroidManifest.xml:65:23-69
176                <category android:name="android.intent.category.BROWSABLE" />
176-->src\main\AndroidManifest.xml:66:13-74
176-->src\main\AndroidManifest.xml:66:23-71
177
178                <data android:scheme="@string/fb_login_protocol_scheme" />
178-->src\main\AndroidManifest.xml:67:13-71
178-->src\main\AndroidManifest.xml:67:19-68
179            </intent-filter>
180            <intent-filter>
180-->[com.facebook.android:facebook-common:18.2.3] AndroidManifest.xml:29:13-38:29
181                <action android:name="android.intent.action.VIEW" />
181-->src\main\AndroidManifest.xml:64:13-65
181-->src\main\AndroidManifest.xml:64:21-62
182
183                <category android:name="android.intent.category.DEFAULT" />
183-->src\main\AndroidManifest.xml:65:13-72
183-->src\main\AndroidManifest.xml:65:23-69
184                <category android:name="android.intent.category.BROWSABLE" />
184-->src\main\AndroidManifest.xml:66:13-74
184-->src\main\AndroidManifest.xml:66:23-71
185
186                <data
186-->src\main\AndroidManifest.xml:67:13-71
187                    android:host="cct.io.instamobile"
188                    android:scheme="fbconnect" />
188-->src\main\AndroidManifest.xml:67:19-68
189            </intent-filter>
190        </activity>
191        <activity
191-->src\main\AndroidManifest.xml:71:7-75:10
192            android:name="com.facebook.react.devsupport.DevSettingsActivity"
192-->src\main\AndroidManifest.xml:72:8-72
193            android:exported="true" />
193-->src\main\AndroidManifest.xml:73:8-31
194
195        <provider
195-->[:react-native-webview] AndroidManifest.xml:20:9-28:20
196            android:name="com.reactnativecommunity.webview.RNCWebViewFileProvider"
196-->[:react-native-webview] AndroidManifest.xml:21:13-83
197            android:authorities="io.instamobile.fileprovider"
197-->[:react-native-webview] AndroidManifest.xml:22:13-64
198            android:exported="false"
198-->[:react-native-webview] AndroidManifest.xml:23:13-37
199            android:grantUriPermissions="true" >
199-->[:react-native-webview] AndroidManifest.xml:24:13-47
200            <meta-data
200-->[:react-native-webview] AndroidManifest.xml:25:13-27:63
201                android:name="android.support.FILE_PROVIDER_PATHS"
201-->[:react-native-webview] AndroidManifest.xml:26:17-67
202                android:resource="@xml/file_provider_paths" />
202-->[:react-native-webview] AndroidManifest.xml:27:17-60
203        </provider>
204
205        <service
205-->[:react-native-firebase_messaging] AndroidManifest.xml:12:9-14:40
206            android:name="io.invertase.firebase.messaging.ReactNativeFirebaseMessagingHeadlessService"
206-->[:react-native-firebase_messaging] AndroidManifest.xml:13:13-103
207            android:exported="false" />
207-->[:react-native-firebase_messaging] AndroidManifest.xml:14:13-37
208        <service
208-->[:react-native-firebase_messaging] AndroidManifest.xml:15:9-21:19
209            android:name="io.invertase.firebase.messaging.ReactNativeFirebaseMessagingService"
209-->[:react-native-firebase_messaging] AndroidManifest.xml:16:13-95
210            android:exported="false" >
210-->[:react-native-firebase_messaging] AndroidManifest.xml:17:13-37
211            <intent-filter>
211-->[:react-native-firebase_messaging] AndroidManifest.xml:18:13-20:29
212                <action android:name="com.google.firebase.MESSAGING_EVENT" />
212-->[:react-native-firebase_messaging] AndroidManifest.xml:19:17-78
212-->[:react-native-firebase_messaging] AndroidManifest.xml:19:25-75
213            </intent-filter>
214        </service>
215
216        <receiver
216-->[:react-native-firebase_messaging] AndroidManifest.xml:23:9-30:20
217            android:name="io.invertase.firebase.messaging.ReactNativeFirebaseMessagingReceiver"
217-->[:react-native-firebase_messaging] AndroidManifest.xml:24:13-96
218            android:exported="true"
218-->[:react-native-firebase_messaging] AndroidManifest.xml:25:13-36
219            android:permission="com.google.android.c2dm.permission.SEND" >
219-->[:react-native-firebase_messaging] AndroidManifest.xml:26:13-73
220            <intent-filter>
220-->[:react-native-firebase_messaging] AndroidManifest.xml:27:13-29:29
221                <action android:name="com.google.android.c2dm.intent.RECEIVE" />
221-->[:react-native-firebase_messaging] AndroidManifest.xml:28:17-81
221-->[:react-native-firebase_messaging] AndroidManifest.xml:28:25-78
222            </intent-filter>
223        </receiver>
224
225        <meta-data
225-->[:react-native-firebase_messaging] AndroidManifest.xml:32:9-34:37
226            android:name="delivery_metrics_exported_to_big_query_enabled"
226-->[:react-native-firebase_messaging] AndroidManifest.xml:33:13-74
227            android:value="false" />
227-->[:react-native-firebase_messaging] AndroidManifest.xml:34:13-34
228        <meta-data
228-->[:react-native-firebase_messaging] AndroidManifest.xml:35:9-37:36
229            android:name="firebase_messaging_auto_init_enabled"
229-->[:react-native-firebase_messaging] AndroidManifest.xml:36:13-64
230            android:value="true" />
230-->[:react-native-firebase_messaging] AndroidManifest.xml:37:13-33
231        <meta-data
231-->[:react-native-firebase_messaging] AndroidManifest.xml:38:9-40:37
232            android:name="firebase_messaging_notification_delegation_enabled"
232-->[:react-native-firebase_messaging] AndroidManifest.xml:39:13-78
233            android:value="false" />
233-->[:react-native-firebase_messaging] AndroidManifest.xml:40:13-34
234        <meta-data
234-->[:react-native-firebase_messaging] AndroidManifest.xml:41:9-43:32
235            android:name="com.google.firebase.messaging.default_notification_channel_id"
235-->[:react-native-firebase_messaging] AndroidManifest.xml:42:13-89
236            android:value="" />
236-->[:react-native-firebase_messaging] AndroidManifest.xml:43:13-29
237        <meta-data
237-->[:react-native-firebase_messaging] AndroidManifest.xml:44:9-46:47
238            android:name="com.google.firebase.messaging.default_notification_color"
238-->[:react-native-firebase_messaging] AndroidManifest.xml:45:13-84
239            android:resource="@color/white" />
239-->[:react-native-firebase_messaging] AndroidManifest.xml:46:13-44
240        <meta-data
240-->[:react-native-firebase_app] AndroidManifest.xml:9:9-11:36
241            android:name="app_data_collection_default_enabled"
241-->[:react-native-firebase_app] AndroidManifest.xml:10:13-63
242            android:value="true" />
242-->[:react-native-firebase_app] AndroidManifest.xml:11:13-33
243
244        <service
244-->[:react-native-firebase_app] AndroidManifest.xml:13:9-21:19
245            android:name="com.google.firebase.components.ComponentDiscoveryService"
245-->[:react-native-firebase_app] AndroidManifest.xml:14:13-84
246            android:directBootAware="true"
246-->[:react-native-firebase_app] AndroidManifest.xml:15:13-43
247            android:exported="false" >
247-->[:react-native-firebase_app] AndroidManifest.xml:16:13-37
248            <meta-data
248-->[:react-native-firebase_app] AndroidManifest.xml:18:13-20:85
249                android:name="com.google.firebase.components:io.invertase.firebase.app.ReactNativeFirebaseAppRegistrar"
249-->[:react-native-firebase_app] AndroidManifest.xml:19:17-120
250                android:value="com.google.firebase.components.ComponentRegistrar" />
250-->[:react-native-firebase_app] AndroidManifest.xml:20:17-82
251            <meta-data
251-->[com.google.firebase:firebase-auth:24.0.1] AndroidManifest.xml:69:13-71:85
252                android:name="com.google.firebase.components:com.google.firebase.auth.FirebaseAuthRegistrar"
252-->[com.google.firebase:firebase-auth:24.0.1] AndroidManifest.xml:70:17-109
253                android:value="com.google.firebase.components.ComponentRegistrar" />
253-->[com.google.firebase:firebase-auth:24.0.1] AndroidManifest.xml:71:17-82
254            <meta-data
254-->[com.google.firebase:firebase-firestore:26.0.2] AndroidManifest.xml:17:13-19:85
255                android:name="com.google.firebase.components:com.google.firebase.firestore.FirebaseFirestoreKtxRegistrar"
255-->[com.google.firebase:firebase-firestore:26.0.2] AndroidManifest.xml:18:17-122
256                android:value="com.google.firebase.components.ComponentRegistrar" />
256-->[com.google.firebase:firebase-firestore:26.0.2] AndroidManifest.xml:19:17-82
257            <meta-data
257-->[com.google.firebase:firebase-firestore:26.0.2] AndroidManifest.xml:20:13-22:85
258                android:name="com.google.firebase.components:com.google.firebase.firestore.FirestoreRegistrar"
258-->[com.google.firebase:firebase-firestore:26.0.2] AndroidManifest.xml:21:17-111
259                android:value="com.google.firebase.components.ComponentRegistrar" />
259-->[com.google.firebase:firebase-firestore:26.0.2] AndroidManifest.xml:22:17-82
260            <meta-data
260-->[com.google.firebase:firebase-functions:22.0.1] AndroidManifest.xml:15:13-17:85
261                android:name="com.google.firebase.components:com.google.firebase.functions.FirebaseFunctionsKtxRegistrar"
261-->[com.google.firebase:firebase-functions:22.0.1] AndroidManifest.xml:16:17-122
262                android:value="com.google.firebase.components.ComponentRegistrar" />
262-->[com.google.firebase:firebase-functions:22.0.1] AndroidManifest.xml:17:17-82
263            <meta-data
263-->[com.google.firebase:firebase-functions:22.0.1] AndroidManifest.xml:18:13-20:85
264                android:name="com.google.firebase.components:com.google.firebase.functions.FunctionsRegistrar"
264-->[com.google.firebase:firebase-functions:22.0.1] AndroidManifest.xml:19:17-111
265                android:value="com.google.firebase.components.ComponentRegistrar" />
265-->[com.google.firebase:firebase-functions:22.0.1] AndroidManifest.xml:20:17-82
266            <meta-data
266-->[com.google.firebase:firebase-messaging:25.0.1] AndroidManifest.xml:57:13-59:85